<?xml version="1.0" encoding="utf-8"?>
<shfbBuild product="Sandcastle Help File Builder" version="2015.1.12.0" projectFile="D:\jenkins\workspace\mongo-csharp-driver-1.x-package\Docs\Api\CSharpDriverDocs.shfbproj" started="12/9/2015 5:05:00 PM">
<buildStep step="Initializing">
Finding tools...
The Sandcastle tools are located in &#39;C:\Program Files (x86)\EWSoftware\Sandcastle Help File Builder\&#39;
Searching for HTML Help 1 compiler...
Found HTML Help 1 compiler in &#39;C:\Program Files (x86)\HTML Help Workshop\&#39;
Locating components in the following folder(s):
   D:\jenkins\workspace\mongo-csharp-driver-1.x-package\Docs\Api
Using presentation style &#39;VS2010&#39; located in &#39;C:\Program Files (x86)\EWSoftware\Sandcastle Help File Builder\PresentationStyles\VS2010&#39;
</buildStep>
<buildStep step="ValidatingDocumentationSources">
Validating and copying documentation source information
Source: D:\jenkins\workspace\mongo-csharp-driver-1.x-package\artifacts\bin\net35\MongoDB.Bson.dll
    Found assembly &#39;D:\jenkins\workspace\mongo-csharp-driver-1.x-package\artifacts\bin\net35\MongoDB.Bson.dll&#39;
Source: D:\jenkins\workspace\mongo-csharp-driver-1.x-package\artifacts\bin\net35\MongoDB.Bson.xml
Source: D:\jenkins\workspace\mongo-csharp-driver-1.x-package\artifacts\bin\net35\MongoDB.Driver.dll
    Found assembly &#39;D:\jenkins\workspace\mongo-csharp-driver-1.x-package\artifacts\bin\net35\MongoDB.Driver.dll&#39;
Source: D:\jenkins\workspace\mongo-csharp-driver-1.x-package\artifacts\bin\net35\MongoDB.Driver.xml

Copying XML comments files
    D:\jenkins\workspace\mongo-csharp-driver-1.x-package\artifacts\bin\net35\MongoDB.Bson.XML -&gt; D:\jenkins\workspace\mongo-csharp-driver-1.x-package\artifacts\docs\Working\MongoDB.Bson.XML
    D:\jenkins\workspace\mongo-csharp-driver-1.x-package\artifacts\bin\net35\MongoDB.Driver.XML -&gt; D:\jenkins\workspace\mongo-csharp-driver-1.x-package\artifacts\docs\Working\MongoDB.Driver.XML
</buildStep>
<buildStep step="GenerateSharedContent">
Generating shared content files (en-US, English (United States))...
    Last step completed in 00:00:00.0250
</buildStep>
<buildStep step="GenerateApiFilter">
Generating API filter for MRefBuilder...
    Last step completed in 00:00:00.0550
</buildStep>
<buildStep step="GenerateReflectionInfo">
Generating reflection information...
[C:\Program Files (x86)\MSBuild\14.0\bin\MSBuild.exe]
Build started 12/9/2015 5:05:00 PM.
Project &quot;D:\jenkins\workspace\mongo-csharp-driver-1.x-package\artifacts\docs\Working\GenerateRefInfo.proj&quot; on node 1 (default targets).
PrepareForBuild:
  Creating directory &quot;obj\Debug\&quot;.
GenerateRefInfo:
  MRefBuilder (v2015.1.12.0)
  Copyright c 2006-2015, Microsoft Corporation, All Rights Reserved.
  Portions Copyright c 2006-2014, Eric Woodruff, All Rights Reserved.
  Loaded 2 assemblies for reflection and 1 dependency assemblies.
  Wrote information on 19 namespaces, 617 types, and 5426 members
  Copying file from &quot;reflection.org&quot; to &quot;reflection.all&quot;.
  XslTransform (v2015.1.12.0)
  Copyright c 2006-2015, Microsoft Corporation, All Rights Reserved.
  Portions Copyright c 2006-2014, Eric Woodruff, All Rights Reserved.
  Applying XSL transformation &#39;C:\Program Files (x86)\EWSoftware\Sandcastle Help File Builder\ProductionTransforms\MergeDuplicates.xsl&#39;.
Done Building Project &quot;D:\jenkins\workspace\mongo-csharp-driver-1.x-package\artifacts\docs\Working\GenerateRefInfo.proj&quot; (default targets).

Build succeeded.

Time Elapsed 00:00:02.14
    Last step completed in 00:00:02.2462
</buildStep>
<buildStep step="TransformReflectionInfo">
Transforming reflection output...
[C:\Program Files (x86)\MSBuild\14.0\bin\MSBuild.exe]
Build started 12/9/2015 5:05:03 PM.
Project &quot;D:\jenkins\workspace\mongo-csharp-driver-1.x-package\artifacts\docs\Working\TransformManifest.proj&quot; on node 1 (default targets).
TransformManifest:
  XslTransform (v2015.1.12.0)
  Copyright c 2006-2015, Microsoft Corporation, All Rights Reserved.
  Portions Copyright c 2006-2014, Eric Woodruff, All Rights Reserved.
  Applying XSL transformation &#39;C:\Program Files (x86)\EWSoftware\Sandcastle Help File Builder\\ProductionTransforms\ApplyVSDocModel.xsl&#39;.
  Copying file from &quot;reflection.xml&quot; to &quot;reflection.nofilenames&quot;.
  XslTransform (v2015.1.12.0)
  Copyright c 2006-2015, Microsoft Corporation, All Rights Reserved.
  Portions Copyright c 2006-2014, Eric Woodruff, All Rights Reserved.
  Applying XSL transformation &#39;C:\Program Files (x86)\EWSoftware\Sandcastle Help File Builder\ProductionTransforms\AddFilenames.xsl&#39;.
  XslTransform (v2015.1.12.0)
  Copyright c 2006-2015, Microsoft Corporation, All Rights Reserved.
  Portions Copyright c 2006-2014, Eric Woodruff, All Rights Reserved.
  Applying XSL transformation &#39;C:\Program Files (x86)\EWSoftware\Sandcastle Help File Builder\ProductionTransforms\ReflectionToManifest.xsl&#39;.
Done Building Project &quot;D:\jenkins\workspace\mongo-csharp-driver-1.x-package\artifacts\docs\Working\TransformManifest.proj&quot; (default targets).

Build succeeded.

Time Elapsed 00:00:05.85
    Last step completed in 00:00:06.8408
</buildStep>
<buildStep step="GenerateNamespaceSummaries">
Generating namespace summary information...
    Last step completed in 00:00:00.4361
</buildStep>
<buildStep step="CopyAdditionalContent">
Copying additional content files...
No additional content to copy
    Last step completed in 00:00:00.0030
</buildStep>
<buildStep step="MergeTablesOfContents">
Merging conceptual and additional tables of contents...
    Last step completed in 00:00:00.0000
</buildStep>
<buildStep step="GenerateIntermediateTableOfContents">
Generating intermediate table of contents file...
[C:\Program Files (x86)\MSBuild\14.0\bin\MSBuild.exe]
Build started 12/9/2015 5:05:10 PM.
Project &quot;D:\jenkins\workspace\mongo-csharp-driver-1.x-package\artifacts\docs\Working\GenerateIntermediateTOC.proj&quot; on node 1 (default targets).
GenerateIntermediateTOC:
  XslTransform (v2015.1.12.0)
  Copyright c 2006-2015, Microsoft Corporation, All Rights Reserved.
  Portions Copyright c 2006-2014, Eric Woodruff, All Rights Reserved.
  Applying XSL transformation &#39;C:\Program Files (x86)\EWSoftware\Sandcastle Help File Builder\\ProductionTransforms\CreateVSToc.xsl&#39;.
Done Building Project &quot;D:\jenkins\workspace\mongo-csharp-driver-1.x-package\artifacts\docs\Working\GenerateIntermediateTOC.proj&quot; (default targets).

Build succeeded.

Time Elapsed 00:00:00.66
Generating conceptual content intermediate TOC file...
    Last step completed in 00:00:00.7551
</buildStep>
<buildStep step="CreateBuildAssemblerConfigs">
Creating Sandcastle configuration files...
    sandcastle.config
    Last step completed in 00:00:00.8411
</buildStep>
<buildStep step="MergeCustomConfigs">
Merging custom build component configurations
D:\jenkins\workspace\mongo-csharp-driver-1.x-package\artifacts\docs\Working\sandcastle.config
    Last step completed in 00:00:00.0640
</buildStep>
<buildStep step="BuildReferenceTopics">
Building reference help topics...
[C:\Program Files (x86)\MSBuild\14.0\bin\MSBuild.exe]
Build started 12/9/2015 5:05:12 PM.
Project &quot;D:\jenkins\workspace\mongo-csharp-driver-1.x-package\artifacts\docs\Working\BuildReferenceTopics.proj&quot; on node 1 (default targets).
BuildReferenceTopics:
  BuildAssembler (v2015.1.12.0)
  Copyright c 2006-2015, Microsoft Corporation, All Rights Reserved.
  Portions Copyright c 2006-2014, Eric Woodruff, All Rights Reserved.
  Loading configuration...
  Processing topics...
BuildAssembler : warning : ShowMissingComponent: [M:MongoDB.Driver.Builders.CollectionOptions.SetIndexOptionDefaults(MongoDB.Driver.IndexOptionDefaults)] Missing &lt;param name=&quot;value&quot;/&gt; documentation [D:\jenkins\workspace\mongo-csharp-driver-1.x-package\artifacts\docs\Working\BuildReferenceTopics.proj]
  Processed 7748 topic(s)
  1 warning(s)
  CopyFromIndexComponent: &quot;reflection&quot; in-memory cache entries used: 15 of 15.
  CopyFromIndexComponent: &quot;comments&quot; in-memory cache entries used: 4 of 30.
Done Building Project &quot;D:\jenkins\workspace\mongo-csharp-driver-1.x-package\artifacts\docs\Working\BuildReferenceTopics.proj&quot; (default targets).

Build succeeded.

Time Elapsed 00:03:00.92
    Last step completed in 00:03:01.0363
</buildStep>
<buildStep step="CombiningIntermediateTocFiles">
Combining conceptual and API intermediate TOC files...

Clearing any prior web output
    Last step completed in 00:00:00.0400
</buildStep>
<buildStep step="ExtractingHtmlInfo">
Extracting HTML info for HTML Help 1 and/or website...
[C:\Program Files (x86)\MSBuild\14.0\bin\MSBuild.exe]
Sandcastle Help File Builder, version 2015.1.12.0
Copyright c 2006-2015, Eric Woodruff, All Rights Reserved
E-Mail: Eric@EWoodruff.us

Using LCID &#39;1033&#39;, code page &#39;65001&#39;, encoding charset &#39;UTF-8&#39;.

Processing Help 1 files in D:\jenkins\workspace\mongo-csharp-driver-1.x-package\artifacts\docs\Working\Output\HtmlHelp1
Processed 7748 HTML files
Sorting keywords and generating See Also indices
Saving HTML Help 1 keyword index to D:\jenkins\workspace\mongo-csharp-driver-1.x-package\artifacts\docs\Working\CSharpDriverDocs.hhk
Saving HTML Help 1 table of contents to D:\jenkins\workspace\mongo-csharp-driver-1.x-package\artifacts\docs\Working\CSharpDriverDocs.hhc

Processing website files in D:\jenkins\workspace\mongo-csharp-driver-1.x-package\artifacts\docs\Working\Output\Website
Processed 7748 HTML files
Sorting keywords and generating See Also indices
Saving website keyword index to D:\jenkins\workspace\mongo-csharp-driver-1.x-package\artifacts\docs\Working\WebKI.xml
Saving website table of contents to D:\jenkins\workspace\mongo-csharp-driver-1.x-package\artifacts\docs\Working\WebTOC.xml
    Last step completed in 00:00:19.0321
</buildStep>
<buildStep step="CopyStandardHelpContent">
Copying standard help content...
C:\Program Files (x86)\EWSoftware\Sandcastle Help File Builder\PresentationStyles\VS2010\icons\alert_caution.gif -&gt; D:\jenkins\workspace\mongo-csharp-driver-1.x-package\artifacts\docs\Working\Output\HtmlHelp1\icons\alert_caution.gif
C:\Program Files (x86)\EWSoftware\Sandcastle Help File Builder\PresentationStyles\VS2010\icons\alert_note.gif -&gt; D:\jenkins\workspace\mongo-csharp-driver-1.x-package\artifacts\docs\Working\Output\HtmlHelp1\icons\alert_note.gif
C:\Program Files (x86)\EWSoftware\Sandcastle Help File Builder\PresentationStyles\VS2010\icons\alert_security.gif -&gt; D:\jenkins\workspace\mongo-csharp-driver-1.x-package\artifacts\docs\Working\Output\HtmlHelp1\icons\alert_security.gif
C:\Program Files (x86)\EWSoftware\Sandcastle Help File Builder\PresentationStyles\VS2010\icons\CFW.gif -&gt; D:\jenkins\workspace\mongo-csharp-driver-1.x-package\artifacts\docs\Working\Output\HtmlHelp1\icons\CFW.gif
C:\Program Files (x86)\EWSoftware\Sandcastle Help File Builder\PresentationStyles\VS2010\icons\CodeExample.png -&gt; D:\jenkins\workspace\mongo-csharp-driver-1.x-package\artifacts\docs\Working\Output\HtmlHelp1\icons\CodeExample.png
C:\Program Files (x86)\EWSoftware\Sandcastle Help File Builder\PresentationStyles\VS2010\icons\favicon.ico -&gt; D:\jenkins\workspace\mongo-csharp-driver-1.x-package\artifacts\docs\Working\Output\HtmlHelp1\icons\favicon.ico
C:\Program Files (x86)\EWSoftware\Sandcastle Help File Builder\PresentationStyles\VS2010\icons\footer_slice.gif -&gt; D:\jenkins\workspace\mongo-csharp-driver-1.x-package\artifacts\docs\Working\Output\HtmlHelp1\icons\footer_slice.gif
C:\Program Files (x86)\EWSoftware\Sandcastle Help File Builder\PresentationStyles\VS2010\icons\privclass.gif -&gt; D:\jenkins\workspace\mongo-csharp-driver-1.x-package\artifacts\docs\Working\Output\HtmlHelp1\icons\privclass.gif
C:\Program Files (x86)\EWSoftware\Sandcastle Help File Builder\PresentationStyles\VS2010\icons\privdelegate.gif -&gt; D:\jenkins\workspace\mongo-csharp-driver-1.x-package\artifacts\docs\Working\Output\HtmlHelp1\icons\privdelegate.gif
C:\Program Files (x86)\EWSoftware\Sandcastle Help File Builder\PresentationStyles\VS2010\icons\privenumeration.gif -&gt; D:\jenkins\workspace\mongo-csharp-driver-1.x-package\artifacts\docs\Working\Output\HtmlHelp1\icons\privenumeration.gif
C:\Program Files (x86)\EWSoftware\Sandcastle Help File Builder\PresentationStyles\VS2010\icons\privevent.gif -&gt; D:\jenkins\workspace\mongo-csharp-driver-1.x-package\artifacts\docs\Working\Output\HtmlHelp1\icons\privevent.gif
C:\Program Files (x86)\EWSoftware\Sandcastle Help File Builder\PresentationStyles\VS2010\icons\privextension.gif -&gt; D:\jenkins\workspace\mongo-csharp-driver-1.x-package\artifacts\docs\Working\Output\HtmlHelp1\icons\privextension.gif
C:\Program Files (x86)\EWSoftware\Sandcastle Help File Builder\PresentationStyles\VS2010\icons\privfield.gif -&gt; D:\jenkins\workspace\mongo-csharp-driver-1.x-package\artifacts\docs\Working\Output\HtmlHelp1\icons\privfield.gif
C:\Program Files (x86)\EWSoftware\Sandcastle Help File Builder\PresentationStyles\VS2010\icons\privinterface.gif -&gt; D:\jenkins\workspace\mongo-csharp-driver-1.x-package\artifacts\docs\Working\Output\HtmlHelp1\icons\privinterface.gif
C:\Program Files (x86)\EWSoftware\Sandcastle Help File Builder\PresentationStyles\VS2010\icons\privmethod.gif -&gt; D:\jenkins\workspace\mongo-csharp-driver-1.x-package\artifacts\docs\Working\Output\HtmlHelp1\icons\privmethod.gif
C:\Program Files (x86)\EWSoftware\Sandcastle Help File Builder\PresentationStyles\VS2010\icons\privproperty.gif -&gt; D:\jenkins\workspace\mongo-csharp-driver-1.x-package\artifacts\docs\Working\Output\HtmlHelp1\icons\privproperty.gif
C:\Program Files (x86)\EWSoftware\Sandcastle Help File Builder\PresentationStyles\VS2010\icons\privstructure.gif -&gt; D:\jenkins\workspace\mongo-csharp-driver-1.x-package\artifacts\docs\Working\Output\HtmlHelp1\icons\privstructure.gif
C:\Program Files (x86)\EWSoftware\Sandcastle Help File Builder\PresentationStyles\VS2010\icons\protclass.gif -&gt; D:\jenkins\workspace\mongo-csharp-driver-1.x-package\artifacts\docs\Working\Output\HtmlHelp1\icons\protclass.gif
C:\Program Files (x86)\EWSoftware\Sandcastle Help File Builder\PresentationStyles\VS2010\icons\protdelegate.gif -&gt; D:\jenkins\workspace\mongo-csharp-driver-1.x-package\artifacts\docs\Working\Output\HtmlHelp1\icons\protdelegate.gif
C:\Program Files (x86)\EWSoftware\Sandcastle Help File Builder\PresentationStyles\VS2010\icons\protenumeration.gif -&gt; D:\jenkins\workspace\mongo-csharp-driver-1.x-package\artifacts\docs\Working\Output\HtmlHelp1\icons\protenumeration.gif
C:\Program Files (x86)\EWSoftware\Sandcastle Help File Builder\PresentationStyles\VS2010\icons\protevent.gif -&gt; D:\jenkins\workspace\mongo-csharp-driver-1.x-package\artifacts\docs\Working\Output\HtmlHelp1\icons\protevent.gif
C:\Program Files (x86)\EWSoftware\Sandcastle Help File Builder\PresentationStyles\VS2010\icons\protextension.gif -&gt; D:\jenkins\workspace\mongo-csharp-driver-1.x-package\artifacts\docs\Working\Output\HtmlHelp1\icons\protextension.gif
C:\Program Files (x86)\EWSoftware\Sandcastle Help File Builder\PresentationStyles\VS2010\icons\protfield.gif -&gt; D:\jenkins\workspace\mongo-csharp-driver-1.x-package\artifacts\docs\Working\Output\HtmlHelp1\icons\protfield.gif
C:\Program Files (x86)\EWSoftware\Sandcastle Help File Builder\PresentationStyles\VS2010\icons\protinterface.gif -&gt; D:\jenkins\workspace\mongo-csharp-driver-1.x-package\artifacts\docs\Working\Output\HtmlHelp1\icons\protinterface.gif
C:\Program Files (x86)\EWSoftware\Sandcastle Help File Builder\PresentationStyles\VS2010\icons\protmethod.gif -&gt; D:\jenkins\workspace\mongo-csharp-driver-1.x-package\artifacts\docs\Working\Output\HtmlHelp1\icons\protmethod.gif
C:\Program Files (x86)\EWSoftware\Sandcastle Help File Builder\PresentationStyles\VS2010\icons\protoperator.gif -&gt; D:\jenkins\workspace\mongo-csharp-driver-1.x-package\artifacts\docs\Working\Output\HtmlHelp1\icons\protoperator.gif
C:\Program Files (x86)\EWSoftware\Sandcastle Help File Builder\PresentationStyles\VS2010\icons\protproperty.gif -&gt; D:\jenkins\workspace\mongo-csharp-driver-1.x-package\artifacts\docs\Working\Output\HtmlHelp1\icons\protproperty.gif
C:\Program Files (x86)\EWSoftware\Sandcastle Help File Builder\PresentationStyles\VS2010\icons\protstructure.gif -&gt; D:\jenkins\workspace\mongo-csharp-driver-1.x-package\artifacts\docs\Working\Output\HtmlHelp1\icons\protstructure.gif
C:\Program Files (x86)\EWSoftware\Sandcastle Help File Builder\PresentationStyles\VS2010\icons\pubclass.gif -&gt; D:\jenkins\workspace\mongo-csharp-driver-1.x-package\artifacts\docs\Working\Output\HtmlHelp1\icons\pubclass.gif
C:\Program Files (x86)\EWSoftware\Sandcastle Help File Builder\PresentationStyles\VS2010\icons\pubdelegate.gif -&gt; D:\jenkins\workspace\mongo-csharp-driver-1.x-package\artifacts\docs\Working\Output\HtmlHelp1\icons\pubdelegate.gif
C:\Program Files (x86)\EWSoftware\Sandcastle Help File Builder\PresentationStyles\VS2010\icons\pubenumeration.gif -&gt; D:\jenkins\workspace\mongo-csharp-driver-1.x-package\artifacts\docs\Working\Output\HtmlHelp1\icons\pubenumeration.gif
C:\Program Files (x86)\EWSoftware\Sandcastle Help File Builder\PresentationStyles\VS2010\icons\pubevent.gif -&gt; D:\jenkins\workspace\mongo-csharp-driver-1.x-package\artifacts\docs\Working\Output\HtmlHelp1\icons\pubevent.gif
C:\Program Files (x86)\EWSoftware\Sandcastle Help File Builder\PresentationStyles\VS2010\icons\pubextension.gif -&gt; D:\jenkins\workspace\mongo-csharp-driver-1.x-package\artifacts\docs\Working\Output\HtmlHelp1\icons\pubextension.gif
C:\Program Files (x86)\EWSoftware\Sandcastle Help File Builder\PresentationStyles\VS2010\icons\pubfield.gif -&gt; D:\jenkins\workspace\mongo-csharp-driver-1.x-package\artifacts\docs\Working\Output\HtmlHelp1\icons\pubfield.gif
C:\Program Files (x86)\EWSoftware\Sandcastle Help File Builder\PresentationStyles\VS2010\icons\pubinterface.gif -&gt; D:\jenkins\workspace\mongo-csharp-driver-1.x-package\artifacts\docs\Working\Output\HtmlHelp1\icons\pubinterface.gif
C:\Program Files (x86)\EWSoftware\Sandcastle Help File Builder\PresentationStyles\VS2010\icons\pubmethod.gif -&gt; D:\jenkins\workspace\mongo-csharp-driver-1.x-package\artifacts\docs\Working\Output\HtmlHelp1\icons\pubmethod.gif
C:\Program Files (x86)\EWSoftware\Sandcastle Help File Builder\PresentationStyles\VS2010\icons\puboperator.gif -&gt; D:\jenkins\workspace\mongo-csharp-driver-1.x-package\artifacts\docs\Working\Output\HtmlHelp1\icons\puboperator.gif
C:\Program Files (x86)\EWSoftware\Sandcastle Help File Builder\PresentationStyles\VS2010\icons\pubproperty.gif -&gt; D:\jenkins\workspace\mongo-csharp-driver-1.x-package\artifacts\docs\Working\Output\HtmlHelp1\icons\pubproperty.gif
C:\Program Files (x86)\EWSoftware\Sandcastle Help File Builder\PresentationStyles\VS2010\icons\pubstructure.gif -&gt; D:\jenkins\workspace\mongo-csharp-driver-1.x-package\artifacts\docs\Working\Output\HtmlHelp1\icons\pubstructure.gif
C:\Program Files (x86)\EWSoftware\Sandcastle Help File Builder\PresentationStyles\VS2010\icons\slMobile.gif -&gt; D:\jenkins\workspace\mongo-csharp-driver-1.x-package\artifacts\docs\Working\Output\HtmlHelp1\icons\slMobile.gif
C:\Program Files (x86)\EWSoftware\Sandcastle Help File Builder\PresentationStyles\VS2010\icons\static.gif -&gt; D:\jenkins\workspace\mongo-csharp-driver-1.x-package\artifacts\docs\Working\Output\HtmlHelp1\icons\static.gif
C:\Program Files (x86)\EWSoftware\Sandcastle Help File Builder\PresentationStyles\VS2010\icons\tabLeftBG.gif -&gt; D:\jenkins\workspace\mongo-csharp-driver-1.x-package\artifacts\docs\Working\Output\HtmlHelp1\icons\tabLeftBG.gif
C:\Program Files (x86)\EWSoftware\Sandcastle Help File Builder\PresentationStyles\VS2010\icons\tabRightBG.gif -&gt; D:\jenkins\workspace\mongo-csharp-driver-1.x-package\artifacts\docs\Working\Output\HtmlHelp1\icons\tabRightBG.gif
C:\Program Files (x86)\EWSoftware\Sandcastle Help File Builder\PresentationStyles\VS2010\icons\xna.gif -&gt; D:\jenkins\workspace\mongo-csharp-driver-1.x-package\artifacts\docs\Working\Output\HtmlHelp1\icons\xna.gif
C:\Program Files (x86)\EWSoftware\Sandcastle Help File Builder\PresentationStyles\VS2010\scripts\branding.js -&gt; D:\jenkins\workspace\mongo-csharp-driver-1.x-package\artifacts\docs\Working\Output\HtmlHelp1\scripts\branding.js
C:\Program Files (x86)\EWSoftware\Sandcastle Help File Builder\PresentationStyles\VS2010\styles\branding-cs-CZ.css -&gt; D:\jenkins\workspace\mongo-csharp-driver-1.x-package\artifacts\docs\Working\Output\HtmlHelp1\styles\branding-cs-CZ.css
C:\Program Files (x86)\EWSoftware\Sandcastle Help File Builder\PresentationStyles\VS2010\styles\branding-de-DE.css -&gt; D:\jenkins\workspace\mongo-csharp-driver-1.x-package\artifacts\docs\Working\Output\HtmlHelp1\styles\branding-de-DE.css
C:\Program Files (x86)\EWSoftware\Sandcastle Help File Builder\PresentationStyles\VS2010\styles\branding-en-US.css -&gt; D:\jenkins\workspace\mongo-csharp-driver-1.x-package\artifacts\docs\Working\Output\HtmlHelp1\styles\branding-en-US.css
C:\Program Files (x86)\EWSoftware\Sandcastle Help File Builder\PresentationStyles\VS2010\styles\branding-es-ES.css -&gt; D:\jenkins\workspace\mongo-csharp-driver-1.x-package\artifacts\docs\Working\Output\HtmlHelp1\styles\branding-es-ES.css
C:\Program Files (x86)\EWSoftware\Sandcastle Help File Builder\PresentationStyles\VS2010\styles\branding-fr-FR.css -&gt; D:\jenkins\workspace\mongo-csharp-driver-1.x-package\artifacts\docs\Working\Output\HtmlHelp1\styles\branding-fr-FR.css
C:\Program Files (x86)\EWSoftware\Sandcastle Help File Builder\PresentationStyles\VS2010\styles\branding-Help1.css -&gt; D:\jenkins\workspace\mongo-csharp-driver-1.x-package\artifacts\docs\Working\Output\HtmlHelp1\styles\branding-Help1.css
C:\Program Files (x86)\EWSoftware\Sandcastle Help File Builder\PresentationStyles\VS2010\styles\branding-Help2.css -&gt; D:\jenkins\workspace\mongo-csharp-driver-1.x-package\artifacts\docs\Working\Output\HtmlHelp1\styles\branding-Help2.css
C:\Program Files (x86)\EWSoftware\Sandcastle Help File Builder\PresentationStyles\VS2010\styles\branding-HelpViewer.css -&gt; D:\jenkins\workspace\mongo-csharp-driver-1.x-package\artifacts\docs\Working\Output\HtmlHelp1\styles\branding-HelpViewer.css
C:\Program Files (x86)\EWSoftware\Sandcastle Help File Builder\PresentationStyles\VS2010\styles\branding-it-IT.css -&gt; D:\jenkins\workspace\mongo-csharp-driver-1.x-package\artifacts\docs\Working\Output\HtmlHelp1\styles\branding-it-IT.css
C:\Program Files (x86)\EWSoftware\Sandcastle Help File Builder\PresentationStyles\VS2010\styles\branding-ja-JP.css -&gt; D:\jenkins\workspace\mongo-csharp-driver-1.x-package\artifacts\docs\Working\Output\HtmlHelp1\styles\branding-ja-JP.css
C:\Program Files (x86)\EWSoftware\Sandcastle Help File Builder\PresentationStyles\VS2010\styles\branding-ko-KR.css -&gt; D:\jenkins\workspace\mongo-csharp-driver-1.x-package\artifacts\docs\Working\Output\HtmlHelp1\styles\branding-ko-KR.css
C:\Program Files (x86)\EWSoftware\Sandcastle Help File Builder\PresentationStyles\VS2010\styles\branding-pl-PL.css -&gt; D:\jenkins\workspace\mongo-csharp-driver-1.x-package\artifacts\docs\Working\Output\HtmlHelp1\styles\branding-pl-PL.css
C:\Program Files (x86)\EWSoftware\Sandcastle Help File Builder\PresentationStyles\VS2010\styles\branding-pt-BR.css -&gt; D:\jenkins\workspace\mongo-csharp-driver-1.x-package\artifacts\docs\Working\Output\HtmlHelp1\styles\branding-pt-BR.css
C:\Program Files (x86)\EWSoftware\Sandcastle Help File Builder\PresentationStyles\VS2010\styles\branding-ru-RU.css -&gt; D:\jenkins\workspace\mongo-csharp-driver-1.x-package\artifacts\docs\Working\Output\HtmlHelp1\styles\branding-ru-RU.css
C:\Program Files (x86)\EWSoftware\Sandcastle Help File Builder\PresentationStyles\VS2010\styles\branding-tr-TR.css -&gt; D:\jenkins\workspace\mongo-csharp-driver-1.x-package\artifacts\docs\Working\Output\HtmlHelp1\styles\branding-tr-TR.css
C:\Program Files (x86)\EWSoftware\Sandcastle Help File Builder\PresentationStyles\VS2010\styles\branding-zh-CN.css -&gt; D:\jenkins\workspace\mongo-csharp-driver-1.x-package\artifacts\docs\Working\Output\HtmlHelp1\styles\branding-zh-CN.css
C:\Program Files (x86)\EWSoftware\Sandcastle Help File Builder\PresentationStyles\VS2010\styles\branding-zh-TW.css -&gt; D:\jenkins\workspace\mongo-csharp-driver-1.x-package\artifacts\docs\Working\Output\HtmlHelp1\styles\branding-zh-TW.css
C:\Program Files (x86)\EWSoftware\Sandcastle Help File Builder\PresentationStyles\VS2010\styles\branding.css -&gt; D:\jenkins\workspace\mongo-csharp-driver-1.x-package\artifacts\docs\Working\Output\HtmlHelp1\styles\branding.css
C:\Program Files (x86)\EWSoftware\Sandcastle Help File Builder\PresentationStyles\VS2010\icons\alert_caution.gif -&gt; D:\jenkins\workspace\mongo-csharp-driver-1.x-package\artifacts\docs\Working\Output\Website\icons\alert_caution.gif
C:\Program Files (x86)\EWSoftware\Sandcastle Help File Builder\PresentationStyles\VS2010\icons\alert_note.gif -&gt; D:\jenkins\workspace\mongo-csharp-driver-1.x-package\artifacts\docs\Working\Output\Website\icons\alert_note.gif
C:\Program Files (x86)\EWSoftware\Sandcastle Help File Builder\PresentationStyles\VS2010\icons\alert_security.gif -&gt; D:\jenkins\workspace\mongo-csharp-driver-1.x-package\artifacts\docs\Working\Output\Website\icons\alert_security.gif
C:\Program Files (x86)\EWSoftware\Sandcastle Help File Builder\PresentationStyles\VS2010\icons\CFW.gif -&gt; D:\jenkins\workspace\mongo-csharp-driver-1.x-package\artifacts\docs\Working\Output\Website\icons\CFW.gif
C:\Program Files (x86)\EWSoftware\Sandcastle Help File Builder\PresentationStyles\VS2010\icons\CodeExample.png -&gt; D:\jenkins\workspace\mongo-csharp-driver-1.x-package\artifacts\docs\Working\Output\Website\icons\CodeExample.png
C:\Program Files (x86)\EWSoftware\Sandcastle Help File Builder\PresentationStyles\VS2010\icons\favicon.ico -&gt; D:\jenkins\workspace\mongo-csharp-driver-1.x-package\artifacts\docs\Working\Output\Website\icons\favicon.ico
C:\Program Files (x86)\EWSoftware\Sandcastle Help File Builder\PresentationStyles\VS2010\icons\footer_slice.gif -&gt; D:\jenkins\workspace\mongo-csharp-driver-1.x-package\artifacts\docs\Working\Output\Website\icons\footer_slice.gif
C:\Program Files (x86)\EWSoftware\Sandcastle Help File Builder\PresentationStyles\VS2010\icons\privclass.gif -&gt; D:\jenkins\workspace\mongo-csharp-driver-1.x-package\artifacts\docs\Working\Output\Website\icons\privclass.gif
C:\Program Files (x86)\EWSoftware\Sandcastle Help File Builder\PresentationStyles\VS2010\icons\privdelegate.gif -&gt; D:\jenkins\workspace\mongo-csharp-driver-1.x-package\artifacts\docs\Working\Output\Website\icons\privdelegate.gif
C:\Program Files (x86)\EWSoftware\Sandcastle Help File Builder\PresentationStyles\VS2010\icons\privenumeration.gif -&gt; D:\jenkins\workspace\mongo-csharp-driver-1.x-package\artifacts\docs\Working\Output\Website\icons\privenumeration.gif
C:\Program Files (x86)\EWSoftware\Sandcastle Help File Builder\PresentationStyles\VS2010\icons\privevent.gif -&gt; D:\jenkins\workspace\mongo-csharp-driver-1.x-package\artifacts\docs\Working\Output\Website\icons\privevent.gif
C:\Program Files (x86)\EWSoftware\Sandcastle Help File Builder\PresentationStyles\VS2010\icons\privextension.gif -&gt; D:\jenkins\workspace\mongo-csharp-driver-1.x-package\artifacts\docs\Working\Output\Website\icons\privextension.gif
C:\Program Files (x86)\EWSoftware\Sandcastle Help File Builder\PresentationStyles\VS2010\icons\privfield.gif -&gt; D:\jenkins\workspace\mongo-csharp-driver-1.x-package\artifacts\docs\Working\Output\Website\icons\privfield.gif
C:\Program Files (x86)\EWSoftware\Sandcastle Help File Builder\PresentationStyles\VS2010\icons\privinterface.gif -&gt; D:\jenkins\workspace\mongo-csharp-driver-1.x-package\artifacts\docs\Working\Output\Website\icons\privinterface.gif
C:\Program Files (x86)\EWSoftware\Sandcastle Help File Builder\PresentationStyles\VS2010\icons\privmethod.gif -&gt; D:\jenkins\workspace\mongo-csharp-driver-1.x-package\artifacts\docs\Working\Output\Website\icons\privmethod.gif
C:\Program Files (x86)\EWSoftware\Sandcastle Help File Builder\PresentationStyles\VS2010\icons\privproperty.gif -&gt; D:\jenkins\workspace\mongo-csharp-driver-1.x-package\artifacts\docs\Working\Output\Website\icons\privproperty.gif
C:\Program Files (x86)\EWSoftware\Sandcastle Help File Builder\PresentationStyles\VS2010\icons\privstructure.gif -&gt; D:\jenkins\workspace\mongo-csharp-driver-1.x-package\artifacts\docs\Working\Output\Website\icons\privstructure.gif
C:\Program Files (x86)\EWSoftware\Sandcastle Help File Builder\PresentationStyles\VS2010\icons\protclass.gif -&gt; D:\jenkins\workspace\mongo-csharp-driver-1.x-package\artifacts\docs\Working\Output\Website\icons\protclass.gif
C:\Program Files (x86)\EWSoftware\Sandcastle Help File Builder\PresentationStyles\VS2010\icons\protdelegate.gif -&gt; D:\jenkins\workspace\mongo-csharp-driver-1.x-package\artifacts\docs\Working\Output\Website\icons\protdelegate.gif
C:\Program Files (x86)\EWSoftware\Sandcastle Help File Builder\PresentationStyles\VS2010\icons\protenumeration.gif -&gt; D:\jenkins\workspace\mongo-csharp-driver-1.x-package\artifacts\docs\Working\Output\Website\icons\protenumeration.gif
C:\Program Files (x86)\EWSoftware\Sandcastle Help File Builder\PresentationStyles\VS2010\icons\protevent.gif -&gt; D:\jenkins\workspace\mongo-csharp-driver-1.x-package\artifacts\docs\Working\Output\Website\icons\protevent.gif
C:\Program Files (x86)\EWSoftware\Sandcastle Help File Builder\PresentationStyles\VS2010\icons\protextension.gif -&gt; D:\jenkins\workspace\mongo-csharp-driver-1.x-package\artifacts\docs\Working\Output\Website\icons\protextension.gif
C:\Program Files (x86)\EWSoftware\Sandcastle Help File Builder\PresentationStyles\VS2010\icons\protfield.gif -&gt; D:\jenkins\workspace\mongo-csharp-driver-1.x-package\artifacts\docs\Working\Output\Website\icons\protfield.gif
C:\Program Files (x86)\EWSoftware\Sandcastle Help File Builder\PresentationStyles\VS2010\icons\protinterface.gif -&gt; D:\jenkins\workspace\mongo-csharp-driver-1.x-package\artifacts\docs\Working\Output\Website\icons\protinterface.gif
C:\Program Files (x86)\EWSoftware\Sandcastle Help File Builder\PresentationStyles\VS2010\icons\protmethod.gif -&gt; D:\jenkins\workspace\mongo-csharp-driver-1.x-package\artifacts\docs\Working\Output\Website\icons\protmethod.gif
C:\Program Files (x86)\EWSoftware\Sandcastle Help File Builder\PresentationStyles\VS2010\icons\protoperator.gif -&gt; D:\jenkins\workspace\mongo-csharp-driver-1.x-package\artifacts\docs\Working\Output\Website\icons\protoperator.gif
C:\Program Files (x86)\EWSoftware\Sandcastle Help File Builder\PresentationStyles\VS2010\icons\protproperty.gif -&gt; D:\jenkins\workspace\mongo-csharp-driver-1.x-package\artifacts\docs\Working\Output\Website\icons\protproperty.gif
C:\Program Files (x86)\EWSoftware\Sandcastle Help File Builder\PresentationStyles\VS2010\icons\protstructure.gif -&gt; D:\jenkins\workspace\mongo-csharp-driver-1.x-package\artifacts\docs\Working\Output\Website\icons\protstructure.gif
C:\Program Files (x86)\EWSoftware\Sandcastle Help File Builder\PresentationStyles\VS2010\icons\pubclass.gif -&gt; D:\jenkins\workspace\mongo-csharp-driver-1.x-package\artifacts\docs\Working\Output\Website\icons\pubclass.gif
C:\Program Files (x86)\EWSoftware\Sandcastle Help File Builder\PresentationStyles\VS2010\icons\pubdelegate.gif -&gt; D:\jenkins\workspace\mongo-csharp-driver-1.x-package\artifacts\docs\Working\Output\Website\icons\pubdelegate.gif
C:\Program Files (x86)\EWSoftware\Sandcastle Help File Builder\PresentationStyles\VS2010\icons\pubenumeration.gif -&gt; D:\jenkins\workspace\mongo-csharp-driver-1.x-package\artifacts\docs\Working\Output\Website\icons\pubenumeration.gif
C:\Program Files (x86)\EWSoftware\Sandcastle Help File Builder\PresentationStyles\VS2010\icons\pubevent.gif -&gt; D:\jenkins\workspace\mongo-csharp-driver-1.x-package\artifacts\docs\Working\Output\Website\icons\pubevent.gif
C:\Program Files (x86)\EWSoftware\Sandcastle Help File Builder\PresentationStyles\VS2010\icons\pubextension.gif -&gt; D:\jenkins\workspace\mongo-csharp-driver-1.x-package\artifacts\docs\Working\Output\Website\icons\pubextension.gif
C:\Program Files (x86)\EWSoftware\Sandcastle Help File Builder\PresentationStyles\VS2010\icons\pubfield.gif -&gt; D:\jenkins\workspace\mongo-csharp-driver-1.x-package\artifacts\docs\Working\Output\Website\icons\pubfield.gif
C:\Program Files (x86)\EWSoftware\Sandcastle Help File Builder\PresentationStyles\VS2010\icons\pubinterface.gif -&gt; D:\jenkins\workspace\mongo-csharp-driver-1.x-package\artifacts\docs\Working\Output\Website\icons\pubinterface.gif
C:\Program Files (x86)\EWSoftware\Sandcastle Help File Builder\PresentationStyles\VS2010\icons\pubmethod.gif -&gt; D:\jenkins\workspace\mongo-csharp-driver-1.x-package\artifacts\docs\Working\Output\Website\icons\pubmethod.gif
C:\Program Files (x86)\EWSoftware\Sandcastle Help File Builder\PresentationStyles\VS2010\icons\puboperator.gif -&gt; D:\jenkins\workspace\mongo-csharp-driver-1.x-package\artifacts\docs\Working\Output\Website\icons\puboperator.gif
C:\Program Files (x86)\EWSoftware\Sandcastle Help File Builder\PresentationStyles\VS2010\icons\pubproperty.gif -&gt; D:\jenkins\workspace\mongo-csharp-driver-1.x-package\artifacts\docs\Working\Output\Website\icons\pubproperty.gif
C:\Program Files (x86)\EWSoftware\Sandcastle Help File Builder\PresentationStyles\VS2010\icons\pubstructure.gif -&gt; D:\jenkins\workspace\mongo-csharp-driver-1.x-package\artifacts\docs\Working\Output\Website\icons\pubstructure.gif
C:\Program Files (x86)\EWSoftware\Sandcastle Help File Builder\PresentationStyles\VS2010\icons\slMobile.gif -&gt; D:\jenkins\workspace\mongo-csharp-driver-1.x-package\artifacts\docs\Working\Output\Website\icons\slMobile.gif
C:\Program Files (x86)\EWSoftware\Sandcastle Help File Builder\PresentationStyles\VS2010\icons\static.gif -&gt; D:\jenkins\workspace\mongo-csharp-driver-1.x-package\artifacts\docs\Working\Output\Website\icons\static.gif
C:\Program Files (x86)\EWSoftware\Sandcastle Help File Builder\PresentationStyles\VS2010\icons\tabLeftBG.gif -&gt; D:\jenkins\workspace\mongo-csharp-driver-1.x-package\artifacts\docs\Working\Output\Website\icons\tabLeftBG.gif
C:\Program Files (x86)\EWSoftware\Sandcastle Help File Builder\PresentationStyles\VS2010\icons\tabRightBG.gif -&gt; D:\jenkins\workspace\mongo-csharp-driver-1.x-package\artifacts\docs\Working\Output\Website\icons\tabRightBG.gif
C:\Program Files (x86)\EWSoftware\Sandcastle Help File Builder\PresentationStyles\VS2010\icons\xna.gif -&gt; D:\jenkins\workspace\mongo-csharp-driver-1.x-package\artifacts\docs\Working\Output\Website\icons\xna.gif
C:\Program Files (x86)\EWSoftware\Sandcastle Help File Builder\PresentationStyles\VS2010\scripts\branding.js -&gt; D:\jenkins\workspace\mongo-csharp-driver-1.x-package\artifacts\docs\Working\Output\Website\scripts\branding.js
C:\Program Files (x86)\EWSoftware\Sandcastle Help File Builder\PresentationStyles\VS2010\styles\branding-cs-CZ.css -&gt; D:\jenkins\workspace\mongo-csharp-driver-1.x-package\artifacts\docs\Working\Output\Website\styles\branding-cs-CZ.css
C:\Program Files (x86)\EWSoftware\Sandcastle Help File Builder\PresentationStyles\VS2010\styles\branding-de-DE.css -&gt; D:\jenkins\workspace\mongo-csharp-driver-1.x-package\artifacts\docs\Working\Output\Website\styles\branding-de-DE.css
C:\Program Files (x86)\EWSoftware\Sandcastle Help File Builder\PresentationStyles\VS2010\styles\branding-en-US.css -&gt; D:\jenkins\workspace\mongo-csharp-driver-1.x-package\artifacts\docs\Working\Output\Website\styles\branding-en-US.css
C:\Program Files (x86)\EWSoftware\Sandcastle Help File Builder\PresentationStyles\VS2010\styles\branding-es-ES.css -&gt; D:\jenkins\workspace\mongo-csharp-driver-1.x-package\artifacts\docs\Working\Output\Website\styles\branding-es-ES.css
C:\Program Files (x86)\EWSoftware\Sandcastle Help File Builder\PresentationStyles\VS2010\styles\branding-fr-FR.css -&gt; D:\jenkins\workspace\mongo-csharp-driver-1.x-package\artifacts\docs\Working\Output\Website\styles\branding-fr-FR.css
C:\Program Files (x86)\EWSoftware\Sandcastle Help File Builder\PresentationStyles\VS2010\styles\branding-Help1.css -&gt; D:\jenkins\workspace\mongo-csharp-driver-1.x-package\artifacts\docs\Working\Output\Website\styles\branding-Help1.css
C:\Program Files (x86)\EWSoftware\Sandcastle Help File Builder\PresentationStyles\VS2010\styles\branding-Help2.css -&gt; D:\jenkins\workspace\mongo-csharp-driver-1.x-package\artifacts\docs\Working\Output\Website\styles\branding-Help2.css
C:\Program Files (x86)\EWSoftware\Sandcastle Help File Builder\PresentationStyles\VS2010\styles\branding-HelpViewer.css -&gt; D:\jenkins\workspace\mongo-csharp-driver-1.x-package\artifacts\docs\Working\Output\Website\styles\branding-HelpViewer.css
C:\Program Files (x86)\EWSoftware\Sandcastle Help File Builder\PresentationStyles\VS2010\styles\branding-it-IT.css -&gt; D:\jenkins\workspace\mongo-csharp-driver-1.x-package\artifacts\docs\Working\Output\Website\styles\branding-it-IT.css
C:\Program Files (x86)\EWSoftware\Sandcastle Help File Builder\PresentationStyles\VS2010\styles\branding-ja-JP.css -&gt; D:\jenkins\workspace\mongo-csharp-driver-1.x-package\artifacts\docs\Working\Output\Website\styles\branding-ja-JP.css
C:\Program Files (x86)\EWSoftware\Sandcastle Help File Builder\PresentationStyles\VS2010\styles\branding-ko-KR.css -&gt; D:\jenkins\workspace\mongo-csharp-driver-1.x-package\artifacts\docs\Working\Output\Website\styles\branding-ko-KR.css
C:\Program Files (x86)\EWSoftware\Sandcastle Help File Builder\PresentationStyles\VS2010\styles\branding-pl-PL.css -&gt; D:\jenkins\workspace\mongo-csharp-driver-1.x-package\artifacts\docs\Working\Output\Website\styles\branding-pl-PL.css
C:\Program Files (x86)\EWSoftware\Sandcastle Help File Builder\PresentationStyles\VS2010\styles\branding-pt-BR.css -&gt; D:\jenkins\workspace\mongo-csharp-driver-1.x-package\artifacts\docs\Working\Output\Website\styles\branding-pt-BR.css
C:\Program Files (x86)\EWSoftware\Sandcastle Help File Builder\PresentationStyles\VS2010\styles\branding-ru-RU.css -&gt; D:\jenkins\workspace\mongo-csharp-driver-1.x-package\artifacts\docs\Working\Output\Website\styles\branding-ru-RU.css
C:\Program Files (x86)\EWSoftware\Sandcastle Help File Builder\PresentationStyles\VS2010\styles\branding-tr-TR.css -&gt; D:\jenkins\workspace\mongo-csharp-driver-1.x-package\artifacts\docs\Working\Output\Website\styles\branding-tr-TR.css
C:\Program Files (x86)\EWSoftware\Sandcastle Help File Builder\PresentationStyles\VS2010\styles\branding-zh-CN.css -&gt; D:\jenkins\workspace\mongo-csharp-driver-1.x-package\artifacts\docs\Working\Output\Website\styles\branding-zh-CN.css
C:\Program Files (x86)\EWSoftware\Sandcastle Help File Builder\PresentationStyles\VS2010\styles\branding-zh-TW.css -&gt; D:\jenkins\workspace\mongo-csharp-driver-1.x-package\artifacts\docs\Working\Output\Website\styles\branding-zh-TW.css
C:\Program Files (x86)\EWSoftware\Sandcastle Help File Builder\PresentationStyles\VS2010\styles\branding.css -&gt; D:\jenkins\workspace\mongo-csharp-driver-1.x-package\artifacts\docs\Working\Output\Website\styles\branding.css
C:\Program Files (x86)\EWSoftware\Sandcastle Help File Builder\PresentationStyles\VS2010\..\LegacyWeb\CloseSearch.png -&gt; D:\jenkins\workspace\mongo-csharp-driver-1.x-package\artifacts\docs\Working\Output\Website\CloseSearch.png
C:\Program Files (x86)\EWSoftware\Sandcastle Help File Builder\PresentationStyles\VS2010\..\LegacyWeb\CollapseAll.png -&gt; D:\jenkins\workspace\mongo-csharp-driver-1.x-package\artifacts\docs\Working\Output\Website\CollapseAll.png
C:\Program Files (x86)\EWSoftware\Sandcastle Help File Builder\PresentationStyles\VS2010\..\LegacyWeb\Collapsed.gif -&gt; D:\jenkins\workspace\mongo-csharp-driver-1.x-package\artifacts\docs\Working\Output\Website\Collapsed.gif
C:\Program Files (x86)\EWSoftware\Sandcastle Help File Builder\PresentationStyles\VS2010\..\LegacyWeb\Expanded.gif -&gt; D:\jenkins\workspace\mongo-csharp-driver-1.x-package\artifacts\docs\Working\Output\Website\Expanded.gif
C:\Program Files (x86)\EWSoftware\Sandcastle Help File Builder\PresentationStyles\VS2010\..\LegacyWeb\favicon.ico -&gt; D:\jenkins\workspace\mongo-csharp-driver-1.x-package\artifacts\docs\Working\Output\Website\favicon.ico
C:\Program Files (x86)\EWSoftware\Sandcastle Help File Builder\PresentationStyles\VS2010\..\LegacyWeb\FillNode.aspx -&gt; D:\jenkins\workspace\mongo-csharp-driver-1.x-package\artifacts\docs\Working\Output\Website\FillNode.aspx
C:\Program Files (x86)\EWSoftware\Sandcastle Help File Builder\PresentationStyles\VS2010\..\LegacyWeb\FillNode.php -&gt; D:\jenkins\workspace\mongo-csharp-driver-1.x-package\artifacts\docs\Working\Output\Website\FillNode.php
C:\Program Files (x86)\EWSoftware\Sandcastle Help File Builder\PresentationStyles\VS2010\..\LegacyWeb\Index.aspx -&gt; D:\jenkins\workspace\mongo-csharp-driver-1.x-package\artifacts\docs\Working\Output\Website\Index.aspx
C:\Program Files (x86)\EWSoftware\Sandcastle Help File Builder\PresentationStyles\VS2010\..\LegacyWeb\Index.gif -&gt; D:\jenkins\workspace\mongo-csharp-driver-1.x-package\artifacts\docs\Working\Output\Website\Index.gif
C:\Program Files (x86)\EWSoftware\Sandcastle Help File Builder\PresentationStyles\VS2010\..\LegacyWeb\index.html -&gt; D:\jenkins\workspace\mongo-csharp-driver-1.x-package\artifacts\docs\Working\Output\Website\index.html
C:\Program Files (x86)\EWSoftware\Sandcastle Help File Builder\PresentationStyles\VS2010\..\LegacyWeb\index.php -&gt; D:\jenkins\workspace\mongo-csharp-driver-1.x-package\artifacts\docs\Working\Output\Website\index.php
C:\Program Files (x86)\EWSoftware\Sandcastle Help File Builder\PresentationStyles\VS2010\..\LegacyWeb\Item.gif -&gt; D:\jenkins\workspace\mongo-csharp-driver-1.x-package\artifacts\docs\Working\Output\Website\Item.gif
C:\Program Files (x86)\EWSoftware\Sandcastle Help File Builder\PresentationStyles\VS2010\..\LegacyWeb\LoadIndexKeywords.aspx -&gt; D:\jenkins\workspace\mongo-csharp-driver-1.x-package\artifacts\docs\Working\Output\Website\LoadIndexKeywords.aspx
C:\Program Files (x86)\EWSoftware\Sandcastle Help File Builder\PresentationStyles\VS2010\..\LegacyWeb\LoadIndexKeywords.php -&gt; D:\jenkins\workspace\mongo-csharp-driver-1.x-package\artifacts\docs\Working\Output\Website\LoadIndexKeywords.php
C:\Program Files (x86)\EWSoftware\Sandcastle Help File Builder\PresentationStyles\VS2010\..\LegacyWeb\Search.gif -&gt; D:\jenkins\workspace\mongo-csharp-driver-1.x-package\artifacts\docs\Working\Output\Website\Search.gif
C:\Program Files (x86)\EWSoftware\Sandcastle Help File Builder\PresentationStyles\VS2010\..\LegacyWeb\SearchHelp.aspx -&gt; D:\jenkins\workspace\mongo-csharp-driver-1.x-package\artifacts\docs\Working\Output\Website\SearchHelp.aspx
C:\Program Files (x86)\EWSoftware\Sandcastle Help File Builder\PresentationStyles\VS2010\..\LegacyWeb\SearchHelp.inc.php -&gt; D:\jenkins\workspace\mongo-csharp-driver-1.x-package\artifacts\docs\Working\Output\Website\SearchHelp.inc.php
C:\Program Files (x86)\EWSoftware\Sandcastle Help File Builder\PresentationStyles\VS2010\..\LegacyWeb\SearchHelp.php -&gt; D:\jenkins\workspace\mongo-csharp-driver-1.x-package\artifacts\docs\Working\Output\Website\SearchHelp.php
C:\Program Files (x86)\EWSoftware\Sandcastle Help File Builder\PresentationStyles\VS2010\..\LegacyWeb\Splitter.gif -&gt; D:\jenkins\workspace\mongo-csharp-driver-1.x-package\artifacts\docs\Working\Output\Website\Splitter.gif
C:\Program Files (x86)\EWSoftware\Sandcastle Help File Builder\PresentationStyles\VS2010\..\LegacyWeb\SyncTOC.gif -&gt; D:\jenkins\workspace\mongo-csharp-driver-1.x-package\artifacts\docs\Working\Output\Website\SyncTOC.gif
C:\Program Files (x86)\EWSoftware\Sandcastle Help File Builder\PresentationStyles\VS2010\..\LegacyWeb\TOC.css -&gt; D:\jenkins\workspace\mongo-csharp-driver-1.x-package\artifacts\docs\Working\Output\Website\TOC.css
C:\Program Files (x86)\EWSoftware\Sandcastle Help File Builder\PresentationStyles\VS2010\..\LegacyWeb\TOC.js -&gt; D:\jenkins\workspace\mongo-csharp-driver-1.x-package\artifacts\docs\Working\Output\Website\TOC.js
C:\Program Files (x86)\EWSoftware\Sandcastle Help File Builder\PresentationStyles\VS2010\..\LegacyWeb\Web.Config -&gt; D:\jenkins\workspace\mongo-csharp-driver-1.x-package\artifacts\docs\Working\Output\Website\Web.Config
    Last step completed in 00:00:01.3031
</buildStep>
<buildStep step="GenerateHelpFormatTableOfContents">
Generating HTML Help 1 table of contents file...
    Last step completed in 00:00:00.0000
</buildStep>
<buildStep step="GenerateHelpFileIndex">
Generating HTML Help 1 index file...
    Last step completed in 00:00:00.0010
</buildStep>
<buildStep step="GenerateHelpProject">
Generating HTML Help 1 project file...
    Last step completed in 00:00:00.0650
</buildStep>
<buildStep step="CompilingHelpFile">
Compiling HTML Help 1 file...
[C:\Program Files (x86)\MSBuild\14.0\bin\MSBuild.exe]
  Microsoft HTML Help Compiler 4.74.8702
  
  
  
  Compiling d:\jenkins\workspace\mongo-csharp-driver-1.x-package\artifacts\docs\Working\Output\HtmlHelp1\CSharpDriverDocs.chm
  
  
  
  
  
  Compile time: 0 minutes, 51 seconds
  
  7,750	Topics
  
  126,660	Local links
  
  22,009	Internet links
  
  0	Graphics
  
  
  
  
  
  Created d:\jenkins\workspace\mongo-csharp-driver-1.x-package\artifacts\docs\Working\Output\HtmlHelp1\CSharpDriverDocs.chm, 11,410,758 bytes
  
  Compression decreased file by 71,009,430 bytes.
  
    Last step completed in 00:00:51.6228
</buildStep>
<buildStep step="GenerateHelpFormatTableOfContents">
Generating website table of contents file...
    Last step completed in 00:00:00.0020
</buildStep>
<buildStep step="GenerateFullTextIndex">
Generating full-text index for the website...

    Last step completed in 00:00:21.1293
</buildStep>
<buildStep step="CopyingWebsiteFiles">
Copying website files to output folder...

Copied 100 files
Copied 200 files
Copied 300 files
Copied 400 files
Copied 500 files
Copied 600 files
Copied 700 files
Copied 800 files
Copied 900 files
Copied 1000 files
Copied 1100 files
Copied 1200 files
Copied 1300 files
Copied 1400 files
Copied 1500 files
Copied 1600 files
Copied 1700 files
Copied 1800 files
Copied 1900 files
Copied 2000 files
Copied 2100 files
Copied 2200 files
Copied 2300 files
Copied 2400 files
Copied 2500 files
Copied 2600 files
Copied 2700 files
Copied 2800 files
Copied 2900 files
Copied 3000 files
Copied 3100 files
Copied 3200 files
Copied 3300 files
Copied 3400 files
Copied 3500 files
Copied 3600 files
Copied 3700 files
Copied 3800 files
Copied 3900 files
Copied 4000 files
Copied 4100 files
Copied 4200 files
Copied 4300 files
Copied 4400 files
Copied 4500 files
Copied 4600 files
Copied 4700 files
Copied 4800 files
Copied 4900 files
Copied 5000 files
Copied 5100 files
Copied 5200 files
Copied 5300 files
Copied 5400 files
Copied 5500 files
Copied 5600 files
Copied 5700 files
Copied 5800 files
Copied 5900 files
Copied 6000 files
Copied 6100 files
Copied 6200 files
Copied 6300 files
Copied 6400 files
Copied 6500 files
Copied 6600 files
Copied 6700 files
Copied 6800 files
Copied 6900 files
Copied 7000 files
Copied 7100 files
Copied 7200 files
Copied 7300 files
Copied 7400 files
Copied 7500 files
Copied 7600 files
Copied 7700 files
Copied 7800 files
Copied 7862 files for the website content
    Last step completed in 00:00:22.0855
</buildStep>
<buildStep step="CleanIntermediates">
Removing intermediate files...
    Last step completed in 00:00:15.0837
</buildStep>
<buildStep step="Completed">

Build completed successfully at 12/9/2015 5:10:23 PM.  Total time: 00:05:23.4872

</buildStep>
</shfbBuild>
